"C:/Users/fifem/Documents/drg-mods/Audio/Russman/Audio-Modding-Template/Content/Audio/ReverbLobby.uasset" 0
"C:/Users/fifem/Documents/drg-mods/Audio/Russman/Audio-Modding-Template/Content/Audio/ReverbLobby.uexp" 1
"C:/Users/fifem/Documents/drg-mods/Audio/Russman/Audio-Modding-Template/Content/Audio/Characters/Voices/Dwarves/Dwarf_01/HandlingWeaponsNTools/Dwarf_OutOfAmmo_Javiere_01.uasset" 2
"C:/Users/fifem/Documents/drg-mods/Audio/Russman/Audio-Modding-Template/Content/Audio/Characters/Voices/Dwarves/Dwarf_01/HandlingWeaponsNTools/Dwarf_OutOfAmmo_Javiere_01.uexp" 3
"C:/Users/fifem/Documents/drg-mods/Audio/Russman/Audio-Modding-Template/Content/Audio/Characters/Voices/Dwarves/Dwarf_01/HandlingWeaponsNTools/Dwarf_OutOfAmmo_Javiere_02.uasset" 4
"C:/Users/fifem/Documents/drg-mods/Audio/Russman/Audio-Modding-Template/Content/Audio/Characters/Voices/Dwarves/Dwarf_01/HandlingWeaponsNTools/Dwarf_OutOfAmmo_Javiere_02.uexp" 5
"C:/Users/fifem/Documents/drg-mods/Audio/Russman/Audio-Modding-Template/Content/Audio/Characters/Voices/Dwarves/Dwarf_01/HandlingWeaponsNTools/Dwarf_OutOfAmmo_Javiere_03.uasset" 6
"C:/Users/fifem/Documents/drg-mods/Audio/Russman/Audio-Modding-Template/Content/Audio/Characters/Voices/Dwarves/Dwarf_01/HandlingWeaponsNTools/Dwarf_OutOfAmmo_Javiere_03.uexp" 7
"C:/Users/fifem/Documents/drg-mods/Audio/Russman/Audio-Modding-Template/Content/Audio/Characters/Voices/Dwarves/Dwarf_01/HandlingWeaponsNTools/Dwarf_OutOfAmmo_Javiere_04.uasset" 8
"C:/Users/fifem/Documents/drg-mods/Audio/Russman/Audio-Modding-Template/Content/Audio/Characters/Voices/Dwarves/Dwarf_01/HandlingWeaponsNTools/Dwarf_OutOfAmmo_Javiere_04.uexp" 9
"C:/Users/fifem/Documents/drg-mods/Audio/Russman/Audio-Modding-Template/Content/Audio/Characters/Voices/Dwarves/Dwarf_01/HandlingWeaponsNTools/Dwarf_OutOfAmmo_Javiere_05.uasset" 10
"C:/Users/fifem/Documents/drg-mods/Audio/Russman/Audio-Modding-Template/Content/Audio/Characters/Voices/Dwarves/Dwarf_01/HandlingWeaponsNTools/Dwarf_OutOfAmmo_Javiere_05.uexp" 11
"C:/Users/fifem/Documents/drg-mods/Audio/Russman/Audio-Modding-Template/Content/Audio/Characters/Voices/Dwarves/Dwarf_01/HandlingWeaponsNTools/Dwarf_OutOfAmmo_Javiere_06.uasset" 12
"C:/Users/fifem/Documents/drg-mods/Audio/Russman/Audio-Modding-Template/Content/Audio/Characters/Voices/Dwarves/Dwarf_01/HandlingWeaponsNTools/Dwarf_OutOfAmmo_Javiere_06.uexp" 13
"C:/Users/fifem/Documents/drg-mods/Audio/Russman/Audio-Modding-Template/Content/Audio/Characters/Voices/Dwarves/Dwarf_01/HandlingWeaponsNTools/Dwarf_OutOfAmmo_Javiere_07.uasset" 14
"C:/Users/fifem/Documents/drg-mods/Audio/Russman/Audio-Modding-Template/Content/Audio/Characters/Voices/Dwarves/Dwarf_01/HandlingWeaponsNTools/Dwarf_OutOfAmmo_Javiere_07.uexp" 15
"C:/Users/fifem/Documents/drg-mods/Audio/Russman/Audio-Modding-Template/Content/Audio/Characters/Voices/Dwarves/Dwarf_01/HandlingWeaponsNTools/Dwarf_OutOfAmmo_Javiere_08.uasset" 16
"C:/Users/fifem/Documents/drg-mods/Audio/Russman/Audio-Modding-Template/Content/Audio/Characters/Voices/Dwarves/Dwarf_01/HandlingWeaponsNTools/Dwarf_OutOfAmmo_Javiere_08.uexp" 17
"C:/Users/fifem/Documents/drg-mods/Audio/Russman/Audio-Modding-Template/Content/Audio/Characters/Voices/Dwarves/Dwarf_01/HandlingWeaponsNTools/Dwarf_OutOfAmmo_Javiere_09.uasset" 18
"C:/Users/fifem/Documents/drg-mods/Audio/Russman/Audio-Modding-Template/Content/Audio/Characters/Voices/Dwarves/Dwarf_01/HandlingWeaponsNTools/Dwarf_OutOfAmmo_Javiere_09.uexp" 19
"C:/Users/fifem/Documents/drg-mods/Audio/Russman/Audio-Modding-Template/Content/Audio/Characters/Voices/Dwarves/Dwarf_01/HandlingWeaponsNTools/Dwarf_OutOfAmmo_Javiere_10.uasset" 20
"C:/Users/fifem/Documents/drg-mods/Audio/Russman/Audio-Modding-Template/Content/Audio/Characters/Voices/Dwarves/Dwarf_01/HandlingWeaponsNTools/Dwarf_OutOfAmmo_Javiere_10.uexp" 21
"C:/Users/fifem/Documents/drg-mods/Audio/Russman/Audio-Modding-Template/Content/Audio/Characters/Voices/Dwarves/Dwarf_01/HandlingWeaponsNTools/Dwarf_OutOfAmmo_Javiere_11.uasset" 22
"C:/Users/fifem/Documents/drg-mods/Audio/Russman/Audio-Modding-Template/Content/Audio/Characters/Voices/Dwarves/Dwarf_01/HandlingWeaponsNTools/Dwarf_OutOfAmmo_Javiere_11.uexp" 23
"C:/Users/fifem/Documents/drg-mods/Audio/Russman/Audio-Modding-Template/Content/Audio/Characters/Voices/Dwarves/Dwarf_01/HandlingWeaponsNTools/Dwarf_OutOfAmmo_Javiere_12.uasset" 24
"C:/Users/fifem/Documents/drg-mods/Audio/Russman/Audio-Modding-Template/Content/Audio/Characters/Voices/Dwarves/Dwarf_01/HandlingWeaponsNTools/Dwarf_OutOfAmmo_Javiere_12.uexp" 25
"C:/Users/fifem/Documents/drg-mods/Audio/Russman/Audio-Modding-Template/Content/Audio/Characters/Voices/Dwarves/Dwarf_01/HandlingWeaponsNTools/Dwarf_OutOfAmmo_Javiere_13.uasset" 26
"C:/Users/fifem/Documents/drg-mods/Audio/Russman/Audio-Modding-Template/Content/Audio/Characters/Voices/Dwarves/Dwarf_01/HandlingWeaponsNTools/Dwarf_OutOfAmmo_Javiere_13.uexp" 27
"C:/Users/fifem/Documents/drg-mods/Audio/Russman/Audio-Modding-Template/Content/Audio/Characters/Voices/Dwarves/Dwarf_01/HandlingWeaponsNTools/Dwarf_OutOfAmmo_Javiere_14.uasset" 28
"C:/Users/fifem/Documents/drg-mods/Audio/Russman/Audio-Modding-Template/Content/Audio/Characters/Voices/Dwarves/Dwarf_01/HandlingWeaponsNTools/Dwarf_OutOfAmmo_Javiere_14.uexp" 29
"C:/Users/fifem/Documents/drg-mods/Audio/Russman/Audio-Modding-Template/Content/Audio/Characters/Voices/Dwarves/Dwarf_01/HandlingWeaponsNTools/Dwarf_OutOfAmmo_Javiere_15.uasset" 30
"C:/Users/fifem/Documents/drg-mods/Audio/Russman/Audio-Modding-Template/Content/Audio/Characters/Voices/Dwarves/Dwarf_01/HandlingWeaponsNTools/Dwarf_OutOfAmmo_Javiere_15.uexp" 31
"C:/Users/fifem/Documents/drg-mods/Audio/Russman/Audio-Modding-Template/Content/Audio/Characters/Voices/Dwarves/Dwarf_01/HandlingWeaponsNTools/Dwarf_OutOfGrenades_Javiere_01.uasset" 32
"C:/Users/fifem/Documents/drg-mods/Audio/Russman/Audio-Modding-Template/Content/Audio/Characters/Voices/Dwarves/Dwarf_01/HandlingWeaponsNTools/Dwarf_OutOfGrenades_Javiere_01.uexp" 33
"C:/Users/fifem/Documents/drg-mods/Audio/Russman/Audio-Modding-Template/Content/Audio/Characters/Voices/Dwarves/Dwarf_01/HandlingWeaponsNTools/Dwarf_OutOfGrenades_Javiere_02.uasset" 34
"C:/Users/fifem/Documents/drg-mods/Audio/Russman/Audio-Modding-Template/Content/Audio/Characters/Voices/Dwarves/Dwarf_01/HandlingWeaponsNTools/Dwarf_OutOfGrenades_Javiere_02.uexp" 35
"C:/Users/fifem/Documents/drg-mods/Audio/Russman/Audio-Modding-Template/Content/Audio/Characters/Voices/Dwarves/Dwarf_01/HandlingWeaponsNTools/Dwarf_OutOfGrenades_Javiere_03.uasset" 36
"C:/Users/fifem/Documents/drg-mods/Audio/Russman/Audio-Modding-Template/Content/Audio/Characters/Voices/Dwarves/Dwarf_01/HandlingWeaponsNTools/Dwarf_OutOfGrenades_Javiere_03.uexp" 37
"C:/Users/fifem/Documents/drg-mods/Audio/Russman/Audio-Modding-Template/Content/Audio/Characters/Voices/Dwarves/Dwarf_01/HandlingWeaponsNTools/Dwarf_OutOfGrenades_Javiere_04.uasset" 38
"C:/Users/fifem/Documents/drg-mods/Audio/Russman/Audio-Modding-Template/Content/Audio/Characters/Voices/Dwarves/Dwarf_01/HandlingWeaponsNTools/Dwarf_OutOfGrenades_Javiere_04.uexp" 39
"C:/Users/fifem/Documents/drg-mods/Audio/Russman/Audio-Modding-Template/Content/Audio/Characters/Voices/Dwarves/Dwarf_01/HandlingWeaponsNTools/Dwarf_OutOfGrenades_Javiere_05.uasset" 40
"C:/Users/fifem/Documents/drg-mods/Audio/Russman/Audio-Modding-Template/Content/Audio/Characters/Voices/Dwarves/Dwarf_01/HandlingWeaponsNTools/Dwarf_OutOfGrenades_Javiere_05.uexp" 41
"C:/Users/fifem/Documents/drg-mods/Audio/Russman/Audio-Modding-Template/Content/Audio/Characters/Voices/Dwarves/Dwarf_01/HandlingWeaponsNTools/Dwarf_OutOfGrenades_Javiere_06.uasset" 42
"C:/Users/fifem/Documents/drg-mods/Audio/Russman/Audio-Modding-Template/Content/Audio/Characters/Voices/Dwarves/Dwarf_01/HandlingWeaponsNTools/Dwarf_OutOfGrenades_Javiere_06.uexp" 43
"C:/Users/fifem/Documents/drg-mods/Audio/Russman/Audio-Modding-Template/Content/Audio/Characters/Voices/Dwarves/Dwarf_01/HandlingWeaponsNTools/Dwarf_OutOfGrenades_Javiere_07.uasset" 44
"C:/Users/fifem/Documents/drg-mods/Audio/Russman/Audio-Modding-Template/Content/Audio/Characters/Voices/Dwarves/Dwarf_01/HandlingWeaponsNTools/Dwarf_OutOfGrenades_Javiere_07.uexp" 45
"C:/Users/fifem/Documents/drg-mods/Audio/Russman/Audio-Modding-Template/Content/Audio/Characters/Voices/Dwarves/Dwarf_01/HandlingWeaponsNTools/Dwarf_Sentry_armed_Javiere_01.uasset" 46
"C:/Users/fifem/Documents/drg-mods/Audio/Russman/Audio-Modding-Template/Content/Audio/Characters/Voices/Dwarves/Dwarf_01/HandlingWeaponsNTools/Dwarf_Sentry_armed_Javiere_01.uexp" 47
"C:/Users/fifem/Documents/drg-mods/Audio/Russman/Audio-Modding-Template/Content/Audio/Characters/Voices/Dwarves/Dwarf_01/HandlingWeaponsNTools/Dwarf_Sentry_armed_Javiere_01a.uasset" 48
"C:/Users/fifem/Documents/drg-mods/Audio/Russman/Audio-Modding-Template/Content/Audio/Characters/Voices/Dwarves/Dwarf_01/HandlingWeaponsNTools/Dwarf_Sentry_armed_Javiere_01a.uexp" 49
"C:/Users/fifem/Documents/drg-mods/Audio/Russman/Audio-Modding-Template/Content/Audio/Characters/Voices/Dwarves/Dwarf_01/HandlingWeaponsNTools/Dwarf_Sentry_armed_Javiere_01b.uasset" 50
"C:/Users/fifem/Documents/drg-mods/Audio/Russman/Audio-Modding-Template/Content/Audio/Characters/Voices/Dwarves/Dwarf_01/HandlingWeaponsNTools/Dwarf_Sentry_armed_Javiere_01b.uexp" 51
"C:/Users/fifem/Documents/drg-mods/Audio/Russman/Audio-Modding-Template/Content/Audio/Characters/Voices/Dwarves/Dwarf_01/HandlingWeaponsNTools/Dwarf_Sentry_armed_Javiere_02.uasset" 52
"C:/Users/fifem/Documents/drg-mods/Audio/Russman/Audio-Modding-Template/Content/Audio/Characters/Voices/Dwarves/Dwarf_01/HandlingWeaponsNTools/Dwarf_Sentry_armed_Javiere_02.uexp" 53
"C:/Users/fifem/Documents/drg-mods/Audio/Russman/Audio-Modding-Template/Content/Audio/Characters/Voices/Dwarves/Dwarf_01/HandlingWeaponsNTools/Dwarf_Sentry_armed_Javiere_03.uasset" 54
"C:/Users/fifem/Documents/drg-mods/Audio/Russman/Audio-Modding-Template/Content/Audio/Characters/Voices/Dwarves/Dwarf_01/HandlingWeaponsNTools/Dwarf_Sentry_armed_Javiere_03.uexp" 55
"C:/Users/fifem/Documents/drg-mods/Audio/Russman/Audio-Modding-Template/Content/Audio/Characters/Voices/Dwarves/Dwarf_01/HandlingWeaponsNTools/Dwarf_Sentry_armed_Javiere_04.uasset" 56
"C:/Users/fifem/Documents/drg-mods/Audio/Russman/Audio-Modding-Template/Content/Audio/Characters/Voices/Dwarves/Dwarf_01/HandlingWeaponsNTools/Dwarf_Sentry_armed_Javiere_04.uexp" 57
"C:/Users/fifem/Documents/drg-mods/Audio/Russman/Audio-Modding-Template/Content/Audio/Characters/Voices/Dwarves/Dwarf_01/HandlingWeaponsNTools/Dwarf_Sentry_armed_Javiere_05.uasset" 58
"C:/Users/fifem/Documents/drg-mods/Audio/Russman/Audio-Modding-Template/Content/Audio/Characters/Voices/Dwarves/Dwarf_01/HandlingWeaponsNTools/Dwarf_Sentry_armed_Javiere_05.uexp" 59
"C:/Users/fifem/Documents/drg-mods/Audio/Russman/Audio-Modding-Template/Content/Audio/Characters/Voices/Dwarves/Dwarf_01/HandlingWeaponsNTools/Dwarf_Sentry_armed_Javiere_05a.uasset" 60
"C:/Users/fifem/Documents/drg-mods/Audio/Russman/Audio-Modding-Template/Content/Audio/Characters/Voices/Dwarves/Dwarf_01/HandlingWeaponsNTools/Dwarf_Sentry_armed_Javiere_05a.uexp" 61
"C:/Users/fifem/Documents/drg-mods/Audio/Russman/Audio-Modding-Template/Content/Audio/Characters/Voices/Dwarves/Dwarf_01/HandlingWeaponsNTools/Dwarf_Sentry_armed_Javiere_06.uasset" 62
"C:/Users/fifem/Documents/drg-mods/Audio/Russman/Audio-Modding-Template/Content/Audio/Characters/Voices/Dwarves/Dwarf_01/HandlingWeaponsNTools/Dwarf_Sentry_armed_Javiere_06.uexp" 63
"C:/Users/fifem/Documents/drg-mods/Audio/Russman/Audio-Modding-Template/Content/Audio/Characters/Voices/Dwarves/Dwarf_01/HandlingWeaponsNTools/Dwarf_Sentry_armed_Javiere_07.uasset" 64
"C:/Users/fifem/Documents/drg-mods/Audio/Russman/Audio-Modding-Template/Content/Audio/Characters/Voices/Dwarves/Dwarf_01/HandlingWeaponsNTools/Dwarf_Sentry_armed_Javiere_07.uexp" 65
"C:/Users/fifem/Documents/drg-mods/Audio/Russman/Audio-Modding-Template/Content/Audio/Controller/PadSpeakerEndpoint.uasset" 66
"C:/Users/fifem/Documents/drg-mods/Audio/Russman/Audio-Modding-Template/Content/Audio/Controller/PadSpeakerEndpoint.uexp" 67
"C:/Users/fifem/Documents/drg-mods/Audio/Russman/Audio-Modding-Template/Content/Audio/Controller/PadSpeakerSubMixParent.uasset" 68
"C:/Users/fifem/Documents/drg-mods/Audio/Russman/Audio-Modding-Template/Content/Audio/Controller/PadSpeakerSubMixParent.uexp" 69
"C:/Users/fifem/Documents/drg-mods/Audio/Russman/Audio-Modding-Template/Content/Audio/Controller/VibrationSubMixEndpoint.uasset" 70
"C:/Users/fifem/Documents/drg-mods/Audio/Russman/Audio-Modding-Template/Content/Audio/Controller/VibrationSubMixEndpoint.uexp" 71
"C:/Users/fifem/Documents/drg-mods/Audio/Russman/Audio-Modding-Template/Content/Audio/Controller/VibrationLimiter.uasset" 72
"C:/Users/fifem/Documents/drg-mods/Audio/Russman/Audio-Modding-Template/Content/Audio/Controller/VibrationLimiter.uexp" 73
"C:/Users/fifem/Documents/drg-mods/Audio/Russman/Audio-Modding-Template/Content/Audio/Controller/VibrationSubMixParent.uasset" 74
"C:/Users/fifem/Documents/drg-mods/Audio/Russman/Audio-Modding-Template/Content/Audio/Controller/VibrationSubMixParent.uexp" 75
"C:/Users/fifem/Documents/drg-mods/Audio/Russman/Audio-Modding-Template/Content/Audio/Test/Ambience_Ambix_Attenuation.uasset" 76
"C:/Users/fifem/Documents/drg-mods/Audio/Russman/Audio-Modding-Template/Content/Audio/Test/Ambience_Ambix_Attenuation.uexp" 77
"C:/Users/fifem/Documents/drg-mods/Audio/Russman/Audio-Modding-Template/Content/Audio/Test/C_fadeIn.uasset" 78
"C:/Users/fifem/Documents/drg-mods/Audio/Russman/Audio-Modding-Template/Content/Audio/Test/C_fadeIn.uexp" 79
"C:/Users/fifem/Documents/drg-mods/Audio/Russman/Audio-Modding-Template/Content/Audio/Test/DownStateEQ_SubmixPreset.uasset" 80
"C:/Users/fifem/Documents/drg-mods/Audio/Russman/Audio-Modding-Template/Content/Audio/Test/DownStateEQ_SubmixPreset.uexp" 81
"C:/Users/fifem/Documents/drg-mods/Audio/Russman/Audio-Modding-Template/Content/Audio/Test/DwarfSpeakEQ_SubmixPreset.uasset" 82
"C:/Users/fifem/Documents/drg-mods/Audio/Russman/Audio-Modding-Template/Content/Audio/Test/DwarfSpeakEQ_SubmixPreset.uexp" 83
"C:/Users/fifem/Documents/drg-mods/Audio/Russman/Audio-Modding-Template/Content/Audio/Test/WeaponFireEQ_SubmixPreset.uasset" 84
"C:/Users/fifem/Documents/drg-mods/Audio/Russman/Audio-Modding-Template/Content/Audio/Test/WeaponFireEQ_SubmixPreset.uexp" 85
"C:/Users/fifem/Documents/drg-mods/Audio/Russman/Audio-Modding-Template/Content/Audio/Test/TESTEffectsPreset/TESTSubmixReverbPreset.uasset" 86
"C:/Users/fifem/Documents/drg-mods/Audio/Russman/Audio-Modding-Template/Content/Audio/Test/TESTEffectsPreset/TESTSubmixReverbPreset.uexp" 87
"C:/Users/fifem/Documents/drg-mods/Audio/Russman/Audio-Modding-Template/Content/Audio/Test/TESTSubmix/TESTParent_Submix.uasset" 88
"C:/Users/fifem/Documents/drg-mods/Audio/Russman/Audio-Modding-Template/Content/Audio/Test/TESTSubmix/TESTParent_Submix.uexp" 89
"C:/Users/fifem/Documents/drg-mods/Audio/Russman/Audio-Modding-Template/Content/Audio/Test/TESTSubmix/TESTSubmixA.uasset" 90
"C:/Users/fifem/Documents/drg-mods/Audio/Russman/Audio-Modding-Template/Content/Audio/Test/TESTSubmix/TESTSubmixA.uexp" 91
"C:/Users/fifem/Documents/drg-mods/Audio/Russman/Audio-Modding-Template/Content/Audio/Test/TESTSubmix/TESTSubmixB.uasset" 92
"C:/Users/fifem/Documents/drg-mods/Audio/Russman/Audio-Modding-Template/Content/Audio/Test/TESTSubmix/TESTSubmixB.uexp" 93
"../../../Engine/Content/EngineMaterials/T_Default_Material_Grid_N.uasset" 94
"../../../Engine/Content/EngineMaterials/T_Default_Material_Grid_N.uexp" 95
"../../../Engine/Content/EngineMaterials/T_Default_Material_Grid_N.ubulk" 96
"../../../Engine/Content/EngineMaterials/T_Default_Material_Grid_M.uasset" 97
"../../../Engine/Content/EngineMaterials/T_Default_Material_Grid_M.uexp" 98
"../../../Engine/Content/EngineMaterials/T_Default_Material_Grid_M.ubulk" 99
"../../../Engine/Content/Functions/Engine_MaterialFunctions01/Opacity/CameraDepthFade.uasset" 100
"../../../Engine/Content/Functions/Engine_MaterialFunctions01/Opacity/CameraDepthFade.uexp" 101
"../../../Engine/Content/EngineMaterials/WorldGridMaterial.uasset" 102
"../../../Engine/Content/EngineMaterials/WorldGridMaterial.uexp" 103
"../../../Engine/Content/ArtTools/RenderToTexture/Meshes/S_1_Unit_Plane.uasset" 104
"../../../Engine/Content/ArtTools/RenderToTexture/Meshes/S_1_Unit_Plane.uexp" 105
"../../../Engine/Content/EngineMaterials/DefaultMaterial.uasset" 106
"../../../Engine/Content/EngineMaterials/DefaultMaterial.uexp" 107
"../../../Engine/Content/BasicShapes/Cone.uasset" 108
"../../../Engine/Content/BasicShapes/Cone.uexp" 109
"../../../Engine/Content/BasicShapes/Cube.uasset" 110
"../../../Engine/Content/BasicShapes/Cube.uexp" 111
"../../../Engine/Content/BasicShapes/Plane.uasset" 112
"../../../Engine/Content/BasicShapes/Plane.uexp" 113
"../../../Engine/Content/BasicShapes/Sphere.uasset" 114
"../../../Engine/Content/BasicShapes/Sphere.uexp" 115
"../../../Engine/Content/EditorLandscapeResources/DataLayer.uasset" 116
"../../../Engine/Content/EditorLandscapeResources/DataLayer.uexp" 117
"../../../Engine/Content/EditorLandscapeResources/DefaultAlphaTexture.uasset" 118
"../../../Engine/Content/EditorLandscapeResources/DefaultAlphaTexture.uexp" 119
"../../../Engine/Content/EditorMaterials/MAT_Groups_Toggle.uasset" 120
"../../../Engine/Content/EditorMaterials/MAT_Groups_Toggle.uexp" 121
"../../../Engine/Content/EditorMaterials/MAT_Groups_Visibility.uasset" 122
"../../../Engine/Content/EditorMaterials/MAT_Groups_Visibility.uexp" 123
"../../../Engine/Content/EditorMaterials/PreviewShadowIndicator.uasset" 124
"../../../Engine/Content/EditorMaterials/PreviewShadowIndicator.uexp" 125
"../../../Engine/Content/EditorMaterials/PreviewShadowIndicator.ubulk" 126
"../../../Engine/Content/EditorMaterials/PreviewShadowIndicatorMaterial.uasset" 127
"../../../Engine/Content/EditorMaterials/PreviewShadowIndicatorMaterial.uexp" 128
"../../../Engine/Content/EditorMaterials/MatineeGroups/MAT_ColorTrack.uasset" 129
"../../../Engine/Content/EditorMaterials/MatineeGroups/MAT_ColorTrack.uexp" 130
"../../../Engine/Content/EditorMaterials/MatineeGroups/MAT_Groups_Anim.uasset" 131
"../../../Engine/Content/EditorMaterials/MatineeGroups/MAT_Groups_Anim.uexp" 132
"../../../Engine/Content/EditorMaterials/MatineeGroups/MAT_Groups_AudioMaster.uasset" 133
"../../../Engine/Content/EditorMaterials/MatineeGroups/MAT_Groups_AudioMaster.uexp" 134
"../../../Engine/Content/EditorMaterials/MatineeGroups/MAT_Groups_Director.uasset" 135
"../../../Engine/Content/EditorMaterials/MatineeGroups/MAT_Groups_Director.uexp" 136
"../../../Engine/Content/EditorMaterials/MatineeGroups/MAT_Groups_Event.uasset" 137
"../../../Engine/Content/EditorMaterials/MatineeGroups/MAT_Groups_Event.uexp" 138
"../../../Engine/Content/EditorMaterials/MatineeGroups/MAT_Groups_Fade.uasset" 139
"../../../Engine/Content/EditorMaterials/MatineeGroups/MAT_Groups_Fade.uexp" 140
"../../../Engine/Content/EditorMaterials/MatineeGroups/MAT_Groups_Float.uasset" 141
"../../../Engine/Content/EditorMaterials/MatineeGroups/MAT_Groups_Float.uexp" 142
"../../../Engine/Content/EditorMaterials/MatineeGroups/MAT_Groups_Move.uasset" 143
"../../../Engine/Content/EditorMaterials/MatineeGroups/MAT_Groups_Move.uexp" 144
"../../../Engine/Content/EditorMaterials/MatineeGroups/MAT_Groups_Slomo.uasset" 145
"../../../Engine/Content/EditorMaterials/MatineeGroups/MAT_Groups_Slomo.uexp" 146
"../../../Engine/Content/EditorMaterials/MatineeGroups/MAT_Groups_Sound.uasset" 147
"../../../Engine/Content/EditorMaterials/MatineeGroups/MAT_Groups_Sound.uexp" 148
"../../../Engine/Content/EditorMaterials/MatineeGroups/MAT_Groups_Vector.uasset" 149
"../../../Engine/Content/EditorMaterials/MatineeGroups/MAT_Groups_Vector.uexp" 150
"../../../Engine/Content/EditorMaterials/ParticleSystems/PSysThumbnail_NoImage.uasset" 151
"../../../Engine/Content/EditorMaterials/ParticleSystems/PSysThumbnail_NoImage.uexp" 152
"../../../Engine/Content/EditorMaterials/ParticleSystems/PSysThumbnail_NoImage.ubulk" 153
"../../../Engine/Content/EditorMaterials/ParticleSystems/PSysThumbnail_OOD.uasset" 154
"../../../Engine/Content/EditorMaterials/ParticleSystems/PSysThumbnail_OOD.uexp" 155
"../../../Engine/Content/EditorMaterials/ParticleSystems/PSysThumbnail_OOD.ubulk" 156
"../../../Engine/Content/EditorMaterials/Camera/CineMat.uasset" 157
"../../../Engine/Content/EditorMaterials/Camera/CineMat.uexp" 158
"../../../Engine/Content/EditorMaterials/Camera/MI_CineMat_Rig.uasset" 159
"../../../Engine/Content/EditorMaterials/Camera/MI_CineMat_Rig.uexp" 160
"../../../Engine/Content/EditorMeshes/Camera/SM_CraneRig_Arm.uasset" 161
"../../../Engine/Content/EditorMeshes/Camera/SM_CraneRig_Arm.uexp" 162
"../../../Engine/Content/EditorMeshes/Camera/SM_CraneRig_Base.uasset" 163
"../../../Engine/Content/EditorMeshes/Camera/SM_CraneRig_Base.uexp" 164
"../../../Engine/Content/EditorMeshes/Camera/SM_CraneRig_Body.uasset" 165
"../../../Engine/Content/EditorMeshes/Camera/SM_CraneRig_Body.uexp" 166
"../../../Engine/Content/EditorMeshes/Camera/SM_CraneRig_Mount.uasset" 167
"../../../Engine/Content/EditorMeshes/Camera/SM_CraneRig_Mount.uexp" 168
"../../../Engine/Content/EditorMeshes/Camera/SM_RailRig_Mount.uasset" 169
"../../../Engine/Content/EditorMeshes/Camera/SM_RailRig_Mount.uexp" 170
"../../../Engine/Content/EditorMeshes/Camera/SM_RailRig_Track.uasset" 171
"../../../Engine/Content/EditorMeshes/Camera/SM_RailRig_Track.uexp" 172
"../../../Engine/Content/EditorResources/BSPVertex.uasset" 173
"../../../Engine/Content/EditorResources/BSPVertex.uexp" 174
"../../../Engine/Content/EditorResources/S_Actor.uasset" 175
"../../../Engine/Content/EditorResources/S_Actor.uexp" 176
"../../../Engine/Content/EditorResources/S_Actor.ubulk" 177
"../../../Engine/Content/EditorResources/S_Note.uasset" 178
"../../../Engine/Content/EditorResources/S_Note.uexp" 179
"../../../Engine/Content/EditorResources/S_Note.ubulk" 180
"../../../Engine/Content/EditorResources/S_Solver.uasset" 181
"../../../Engine/Content/EditorResources/S_Solver.uexp" 182
"../../../Engine/Content/EditorResources/S_Solver.ubulk" 183
"../../../Engine/Content/EditorResources/S_Terrain.uasset" 184
"../../../Engine/Content/EditorResources/S_Terrain.uexp" 185
"../../../Engine/Content/EditorResources/S_Terrain.ubulk" 186
"../../../Engine/Content/EditorResources/S_Trigger.uasset" 187
"../../../Engine/Content/EditorResources/S_Trigger.uexp" 188
"../../../Engine/Content/EditorResources/S_Trigger.ubulk" 189
"../../../Engine/Content/EditorResources/SequenceRecorder/Countdown.uasset" 190
"../../../Engine/Content/EditorResources/SequenceRecorder/Countdown.uexp" 191
"../../../Engine/Content/EditorResources/SequenceRecorder/RecordingIndicator.uasset" 192
"../../../Engine/Content/EditorResources/SequenceRecorder/RecordingIndicator.uexp" 193
"../../../Engine/Content/EngineDamageTypes/DmgTypeBP_Environmental.uasset" 194
"../../../Engine/Content/EngineDamageTypes/DmgTypeBP_Environmental.uexp" 195
"../../../Engine/Content/EngineDebugMaterials/DebugEditorMaterial.uasset" 196
"../../../Engine/Content/EngineDebugMaterials/DebugEditorMaterial.uexp" 197
"../../../Engine/Content/EngineDebugMaterials/DebugMeshMaterial.uasset" 198
"../../../Engine/Content/EngineDebugMaterials/DebugMeshMaterial.uexp" 199
"../../../Engine/Content/EngineDebugMaterials/M_SimpleUnlitTranslucent.uasset" 200
"../../../Engine/Content/EngineDebugMaterials/M_SimpleUnlitTranslucent.uexp" 201
"../../../Engine/Content/EngineDebugMaterials/VolumeToRender.uasset" 202
"../../../Engine/Content/EngineDebugMaterials/VolumeToRender.uexp" 203
"../../../Engine/Content/Functions/Engine_MaterialFunctions02/Utility/CameraDirectionVector.uasset" 204
"../../../Engine/Content/Functions/Engine_MaterialFunctions02/Utility/CameraDirectionVector.uexp" 205
"../../../Engine/Content/EngineDebugMaterials/M_VolumeRenderSphereTracePP.uasset" 206
"../../../Engine/Content/EngineDebugMaterials/M_VolumeRenderSphereTracePP.uexp" 207
"../../../Engine/Content/Functions/Engine_MaterialFunctions01/Shading/ConvertFromDiffSpec.uasset" 208
"../../../Engine/Content/Functions/Engine_MaterialFunctions01/Shading/ConvertFromDiffSpec.uexp" 209
"../../../Engine/Content/EngineDebugMaterials/VertexColorMaterial.uasset" 210
"../../../Engine/Content/EngineDebugMaterials/VertexColorMaterial.uexp" 211
"../../../Engine/Content/EngineDebugMaterials/WireframeMaterial.uasset" 212
"../../../Engine/Content/EngineDebugMaterials/WireframeMaterial.uexp" 213
"../../../Engine/Content/EngineFonts/Faces/RobotoRegular.uasset" 214
"../../../Engine/Content/EngineFonts/Faces/RobotoRegular.uexp" 215
"../../../Engine/Content/EngineFonts/Faces/RobotoRegular.ufont" 216
"../../../Engine/Content/EngineFonts/Faces/RobotoLight.uasset" 217
"../../../Engine/Content/EngineFonts/Faces/RobotoLight.uexp" 218
"../../../Engine/Content/EngineFonts/Faces/RobotoLight.ufont" 219
"../../../Engine/Content/EngineFonts/Faces/RobotoItalic.uasset" 220
"../../../Engine/Content/EngineFonts/Faces/RobotoItalic.uexp" 221
"../../../Engine/Content/EngineFonts/Faces/RobotoItalic.ufont" 222
"../../../Engine/Content/EngineFonts/Faces/RobotoBoldItalic.uasset" 223
"../../../Engine/Content/EngineFonts/Faces/RobotoBoldItalic.uexp" 224
"../../../Engine/Content/EngineFonts/Faces/RobotoBoldItalic.ufont" 225
"../../../Engine/Content/EngineFonts/Faces/RobotoBold.uasset" 226
"../../../Engine/Content/EngineFonts/Faces/RobotoBold.uexp" 227
"../../../Engine/Content/EngineFonts/Faces/RobotoBold.ufont" 228
"../../../Engine/Content/EngineFonts/Faces/DroidSansFallback.uasset" 229
"../../../Engine/Content/EngineFonts/Faces/DroidSansFallback.uexp" 230
"../../../Engine/Content/EngineFonts/Faces/DroidSansFallback.ufont" 231
"../../../Engine/Content/EngineFonts/Roboto.uasset" 232
"../../../Engine/Content/EngineFonts/Roboto.uexp" 233
"../../../Engine/Content/EngineMaterials/BaseFlattenNormalMap.uasset" 234
"../../../Engine/Content/EngineMaterials/BaseFlattenNormalMap.uexp" 235
"../../../Engine/Content/EngineMaterials/BaseFlattenGrayscaleMap.uasset" 236
"../../../Engine/Content/EngineMaterials/BaseFlattenGrayscaleMap.uexp" 237
"../../../Engine/Content/EngineMaterials/BaseFlattenEmissiveMap.uasset" 238
"../../../Engine/Content/EngineMaterials/BaseFlattenEmissiveMap.uexp" 239
"../../../Engine/Content/EngineMaterials/BaseFlattenDiffuseMap.uasset" 240
"../../../Engine/Content/EngineMaterials/BaseFlattenDiffuseMap.uexp" 241
"../../../Engine/Content/EngineMaterials/BaseFlattenMaterial.uasset" 242
"../../../Engine/Content/EngineMaterials/BaseFlattenMaterial.uexp" 243
"../../../Engine/Content/EngineMaterials/BlueNoise.uasset" 244
"../../../Engine/Content/EngineMaterials/BlueNoise.uexp" 245
"../../../Engine/Content/EngineMaterials/DefaultBloomKernel.uasset" 246
"../../../Engine/Content/EngineMaterials/DefaultBloomKernel.uexp" 247
"../../../Engine/Content/EngineMaterials/DefaultBokeh.uasset" 248
"../../../Engine/Content/EngineMaterials/DefaultBokeh.uexp" 249
"../../../Engine/Content/EngineMaterials/DefaultDiffuse.uasset" 250
"../../../Engine/Content/EngineMaterials/DefaultDiffuse.uexp" 251
"../../../Engine/Content/EngineMaterials/DefaultDiffuse.ubulk" 252
"../../../Engine/Content/EngineMaterials/DefaultDeferredDecalMaterial.uasset" 253
"../../../Engine/Content/EngineMaterials/DefaultDeferredDecalMaterial.uexp" 254
"../../../Engine/Content/EngineMaterials/DefaultLightFunctionMaterial.uasset" 255
"../../../Engine/Content/EngineMaterials/DefaultLightFunctionMaterial.uexp" 256
"../../../Engine/Content/EngineMaterials/DefaultPhysicalMaterial.uasset" 257
"../../../Engine/Content/EngineMaterials/DefaultPhysicalMaterial.uexp" 258
"../../../Engine/Content/Functions/Engine_MaterialFunctions02/Utility/BreakOutFloat2Components.uasset" 259
"../../../Engine/Content/Functions/Engine_MaterialFunctions02/Utility/BreakOutFloat2Components.uexp" 260
"../../../Engine/Content/EngineMaterials/DefaultPostProcessMaterial.uasset" 261
"../../../Engine/Content/EngineMaterials/DefaultPostProcessMaterial.uexp" 262
"../../../Engine/Content/EngineFonts/RobotoDistanceField.uasset" 263
"../../../Engine/Content/EngineFonts/RobotoDistanceField.uexp" 264
"../../../Engine/Content/EngineMaterials/DefaultTextMaterialOpaque.uasset" 265
"../../../Engine/Content/EngineMaterials/DefaultTextMaterialOpaque.uexp" 266
"../../../Engine/Content/EngineMaterials/DefaultWhiteGrid.uasset" 267
"../../../Engine/Content/EngineMaterials/DefaultWhiteGrid.uexp" 268
"../../../Engine/Content/EngineMaterials/DefaultWhiteGrid.ubulk" 269
"../../../Engine/Content/EngineMaterials/DefaultWhiteGrid_Low.uasset" 270
"../../../Engine/Content/EngineMaterials/DefaultWhiteGrid_Low.uexp" 271
"../../../Engine/Content/EngineMaterials/EmissiveMeshMaterial.uasset" 272
"../../../Engine/Content/EngineMaterials/EmissiveMeshMaterial.uexp" 273
"../../../Engine/Content/EngineMaterials/GizmoMaterial.uasset" 274
"../../../Engine/Content/EngineMaterials/GizmoMaterial.uexp" 275
"../../../Engine/Content/EngineMaterials/Good64x64TilingNoiseHighFreq.uasset" 276
"../../../Engine/Content/EngineMaterials/Good64x64TilingNoiseHighFreq.uexp" 277
"../../../Engine/Content/EngineMaterials/MiniFont.uasset" 278
"../../../Engine/Content/EngineMaterials/MiniFont.uexp" 279
"../../../Engine/Content/EngineMaterials/InvalidLightmapSettings.uasset" 280
"../../../Engine/Content/EngineMaterials/InvalidLightmapSettings.uexp" 281
"../../../Engine/Content/EngineMaterials/InvalidLightmapSettings.ubulk" 282
"../../../Engine/Content/EngineMaterials/M_InvalidLightmapSettings.uasset" 283
"../../../Engine/Content/EngineMaterials/M_InvalidLightmapSettings.uexp" 284
"../../../Engine/Content/Functions/Engine_MaterialFunctions02/WorldPositionOffset/CameraOffset.uasset" 285
"../../../Engine/Content/Functions/Engine_MaterialFunctions02/WorldPositionOffset/CameraOffset.uexp" 286
"../../../Engine/Content/EngineMaterials/PhAT_JointLimitMaterial.uasset" 287
"../../../Engine/Content/EngineMaterials/PhAT_JointLimitMaterial.uexp" 288
"../../../Engine/Content/EngineMaterials/DefaultCalibrationColor.uasset" 289
"../../../Engine/Content/EngineMaterials/DefaultCalibrationColor.uexp" 290
"../../../Engine/Content/EngineMaterials/PPM_DefaultCalibrationColor.uasset" 291
"../../../Engine/Content/EngineMaterials/PPM_DefaultCalibrationColor.uexp" 292
"../../../Engine/Content/EngineMaterials/DefaultCalibrationGrayscale.uasset" 293
"../../../Engine/Content/EngineMaterials/DefaultCalibrationGrayscale.uexp" 294
"../../../Engine/Content/EngineMaterials/PPM_DefaultCalibrationGrayscale.uasset" 295
"../../../Engine/Content/EngineMaterials/PPM_DefaultCalibrationGrayscale.uexp" 296
"../../../Engine/Content/EngineMaterials/PreintegratedSkinBRDF.uasset" 297
"../../../Engine/Content/EngineMaterials/PreintegratedSkinBRDF.uexp" 298
"../../../Engine/Content/EngineMaterials/RemoveSurfaceMaterial.uasset" 299
"../../../Engine/Content/EngineMaterials/RemoveSurfaceMaterial.uexp" 300
"../../../Engine/Content/EngineMaterials/WeightMapPlaceholderTexture.uasset" 301
"../../../Engine/Content/EngineMaterials/WeightMapPlaceholderTexture.uexp" 302
"../../../Engine/Content/EngineResources/WhiteSquareTexture.uasset" 303
"../../../Engine/Content/EngineResources/WhiteSquareTexture.uexp" 304
"../../../Engine/Content/EngineMaterials/Widget3DPassThrough.uasset" 305
"../../../Engine/Content/EngineMaterials/Widget3DPassThrough.uexp" 306
"../../../Engine/Content/EngineMaterials/Widget3DPassThrough_Masked.uasset" 307
"../../../Engine/Content/EngineMaterials/Widget3DPassThrough_Masked.uexp" 308
"../../../Engine/Content/EngineMaterials/Widget3DPassThrough_Opaque.uasset" 309
"../../../Engine/Content/EngineMaterials/Widget3DPassThrough_Opaque.uexp" 310
"../../../Engine/Content/EngineMaterials/Widget3DPassThrough_Masked_OneSided.uasset" 311
"../../../Engine/Content/EngineMaterials/Widget3DPassThrough_Masked_OneSided.uexp" 312
"../../../Engine/Content/EngineMaterials/Widget3DPassThrough_Opaque_OneSided.uasset" 313
"../../../Engine/Content/EngineMaterials/Widget3DPassThrough_Opaque_OneSided.uexp" 314
"../../../Engine/Content/EngineMaterials/Widget3DPassThrough_Translucent.uasset" 315
"../../../Engine/Content/EngineMaterials/Widget3DPassThrough_Translucent.uexp" 316
"../../../Engine/Content/EngineMaterials/Widget3DPassThrough_Translucent_OneSided.uasset" 317
"../../../Engine/Content/EngineMaterials/Widget3DPassThrough_Translucent_OneSided.uexp" 318
"../../../Engine/Content/EngineMeshes/Cylinder.uasset" 319
"../../../Engine/Content/EngineMeshes/Cylinder.uexp" 320
"../../../Engine/Content/EngineMeshes/Sphere.uasset" 321
"../../../Engine/Content/EngineMeshes/Sphere.uexp" 322
"../../../Engine/Content/EngineResources/DefaultTexture.uasset" 323
"../../../Engine/Content/EngineResources/DefaultTexture.uexp" 324
"../../../Engine/Content/EngineResources/DefaultTexture.ubulk" 325
"../../../Engine/Content/EngineResources/DefaultTextureCube.uasset" 326
"../../../Engine/Content/EngineResources/DefaultTextureCube.uexp" 327
"../../../Engine/Content/EngineResources/DefaultVolumeTexture2D.uasset" 328
"../../../Engine/Content/EngineResources/DefaultVolumeTexture2D.uexp" 329
"../../../Engine/Content/EngineResources/DefaultVolumeTexture.uasset" 330
"../../../Engine/Content/EngineResources/DefaultVolumeTexture.uexp" 331
"../../../Engine/Content/EngineResources/GradientTexture0.uasset" 332
"../../../Engine/Content/EngineResources/GradientTexture0.uexp" 333
"../../../Engine/Content/EngineSky/VolumetricClouds/T_NoiseShape64.uasset" 334
"../../../Engine/Content/EngineSky/VolumetricClouds/T_NoiseShape64.uexp" 335
"../../../Engine/Content/EngineSky/VolumetricClouds/T_NoiseShape64.ubulk" 336
"../../../Engine/Content/EngineSky/VolumetricClouds/T_VolumeNoiseShape64.uasset" 337
"../../../Engine/Content/EngineSky/VolumetricClouds/T_VolumeNoiseShape64.uexp" 338
"../../../Engine/Content/EngineSky/VolumetricClouds/T_NoiseErosion.uasset" 339
"../../../Engine/Content/EngineSky/VolumetricClouds/T_NoiseErosion.uexp" 340
"../../../Engine/Content/EngineSky/VolumetricClouds/T_NoiseErosion.ubulk" 341
"../../../Engine/Content/EngineSky/VolumetricClouds/T_VolumeNoiseErosion32.uasset" 342
"../../../Engine/Content/EngineSky/VolumetricClouds/T_VolumeNoiseErosion32.uexp" 343
"../../../Engine/Content/EngineSky/VolumetricClouds/CloudWeatherTexture.uasset" 344
"../../../Engine/Content/EngineSky/VolumetricClouds/CloudWeatherTexture.uexp" 345
"../../../Engine/Content/EngineSky/VolumetricClouds/CloudGradientTexture.uasset" 346
"../../../Engine/Content/EngineSky/VolumetricClouds/CloudGradientTexture.uexp" 347
"../../../Engine/Content/Functions/Engine_MaterialFunctions02/Utility/MakeFloat2.uasset" 348
"../../../Engine/Content/Functions/Engine_MaterialFunctions02/Utility/MakeFloat2.uexp" 349
"../../../Engine/Content/EngineSky/VolumetricClouds/m_SimpleVolumetricCloud.uasset" 350
"../../../Engine/Content/EngineSky/VolumetricClouds/m_SimpleVolumetricCloud.uexp" 351
"../../../Engine/Content/EngineSky/VolumetricClouds/m_SimpleVolumetricCloud_Inst.uasset" 352
"../../../Engine/Content/EngineSky/VolumetricClouds/m_SimpleVolumetricCloud_Inst.uexp" 353
"../../../Engine/Content/EngineSounds/Master.uasset" 354
"../../../Engine/Content/EngineSounds/Master.uexp" 355
"../../../Engine/Content/Functions/Engine_MaterialFunctions01/Shading/PowerToRoughness.uasset" 356
"../../../Engine/Content/Functions/Engine_MaterialFunctions01/Shading/PowerToRoughness.uexp" 357
"../../../Engine/Content/Maps/Templates/Thumbnails/Default.uasset" 358
"../../../Engine/Content/Maps/Templates/Thumbnails/Default.uexp" 359
"../../../Engine/Content/Maps/Templates/Thumbnails/TimeOfDay.uasset" 360
"../../../Engine/Content/Maps/Templates/Thumbnails/TimeOfDay.uexp" 361
"../../../Engine/Content/Maps/Templates/Thumbnails/VR-Basic.uasset" 362
"../../../Engine/Content/Maps/Templates/Thumbnails/VR-Basic.uexp" 363
"../../../Engine/Content/MobileResources/T_MobileControls_texture.uasset" 364
"../../../Engine/Content/MobileResources/T_MobileControls_texture.uexp" 365
"../../../Engine/Content/MobileResources/T_MobileMenu2.uasset" 366
"../../../Engine/Content/MobileResources/T_MobileMenu2.uexp" 367
"../../../Engine/Content/MobileResources/HUD/AnalogHat.uasset" 368
"../../../Engine/Content/MobileResources/HUD/AnalogHat.uexp" 369
"../../../Engine/Content/MobileResources/HUD/VirtualJoystick_Thumb.uasset" 370
"../../../Engine/Content/MobileResources/HUD/VirtualJoystick_Thumb.uexp" 371
"../../../Engine/Content/MobileResources/HUD/VirtualJoystick_Background.uasset" 372
"../../../Engine/Content/MobileResources/HUD/VirtualJoystick_Background.uexp" 373
"../../../Engine/Content/MobileResources/HUD/DefaultVirtualJoysticks.uasset" 374
"../../../Engine/Content/MobileResources/HUD/DefaultVirtualJoysticks.uexp" 375
"../../../Engine/Content/MobileResources/HUD/LeftVirtualJoystickOnly.uasset" 376
"../../../Engine/Content/MobileResources/HUD/LeftVirtualJoystickOnly.uexp" 377
"../../../Engine/Content/MobileResources/HUD/MobileHUDButton1_off.uasset" 378
"../../../Engine/Content/MobileResources/HUD/MobileHUDButton1_off.uexp" 379
"../../../Engine/Content/MobileResources/HUD/MobileHUDButton1_on.uasset" 380
"../../../Engine/Content/MobileResources/HUD/MobileHUDButton1_on.uexp" 381
"../../../Engine/Content/MobileResources/HUD/MobileHUDButton2_off.uasset" 382
"../../../Engine/Content/MobileResources/HUD/MobileHUDButton2_off.uexp" 383
"../../../Engine/Content/MobileResources/HUD/MobileHUDButton2_on.uasset" 384
"../../../Engine/Content/MobileResources/HUD/MobileHUDButton2_on.uexp" 385
"../../../Engine/Content/MobileResources/HUD/MobileHUDButton3.uasset" 386
"../../../Engine/Content/MobileResources/HUD/MobileHUDButton3.uexp" 387
"../../../Engine/Content/MobileResources/HUD/MobileHUDButtonFire.uasset" 388
"../../../Engine/Content/MobileResources/HUD/MobileHUDButtonFire.uexp" 389
"../../../Engine/Content/MobileResources/HUD/MobileHUDDirectionPad.uasset" 390
"../../../Engine/Content/MobileResources/HUD/MobileHUDDirectionPad.uexp" 391
"../../../Engine/Content/MobileResources/HUD/MobileHUDDirectionPad2.uasset" 392
"../../../Engine/Content/MobileResources/HUD/MobileHUDDirectionPad2.uexp" 393
"../../../Engine/Content/MobileResources/HUD/MobileHUDDirectionPad3.uasset" 394
"../../../Engine/Content/MobileResources/HUD/MobileHUDDirectionPad3.uexp" 395
"../../../Engine/Content/MobileResources/HUD/MobileHUDDirectionStick.uasset" 396
"../../../Engine/Content/MobileResources/HUD/MobileHUDDirectionStick.uexp" 397
"../../../Engine/Content/MobileResources/HUD/T_Castle_ThumbstickInner.uasset" 398
"../../../Engine/Content/MobileResources/HUD/T_Castle_ThumbstickInner.uexp" 399
"../../../Engine/Content/MobileResources/HUD/T_Castle_ThumbstickOutter.uasset" 400
"../../../Engine/Content/MobileResources/HUD/T_Castle_ThumbstickOutter.uexp" 401
"../../../Engine/Content/Tutorial/ContentIntroCurve.uasset" 402
"../../../Engine/Content/Tutorial/ContentIntroCurve.uexp" 403
"../../../Engine/Content/Tutorial/Basics/TutorialAssets/icon_tab_Levels_40x.uasset" 404
"../../../Engine/Content/Tutorial/Basics/TutorialAssets/icon_tab_Levels_40x.uexp" 405
"../../../Engine/Content/VREditor/TransformGizmo/TranslucentTransformGizmoMaterial.uasset" 406
"../../../Engine/Content/VREditor/TransformGizmo/TranslucentTransformGizmoMaterial.uexp" 407
"../../../Engine/Content/VREditor/LaserPointer/VR_LaserPower_01.uasset" 408
"../../../Engine/Content/VREditor/LaserPointer/VR_LaserPower_01.uexp" 409
"../../../Engine/Content/VREditor/LaserPointer/VR_LaserPower_01.ubulk" 410
"../../../Engine/Content/VREditor/TransformGizmo/TransformGizmoMaterial.uasset" 411
"../../../Engine/Content/VREditor/TransformGizmo/TransformGizmoMaterial.uexp" 412
"../../../Engine/Content/VREditor/TransformGizmo/BoundingBoxCorner.uasset" 413
"../../../Engine/Content/VREditor/TransformGizmo/BoundingBoxCorner.uexp" 414
"../../../Engine/Content/VREditor/TransformGizmo/BoundingBoxEdge.uasset" 415
"../../../Engine/Content/VREditor/TransformGizmo/BoundingBoxEdge.uexp" 416
"../../../Engine/Content/VREditor/TransformGizmo/PlaneTranslationHandle.uasset" 417
"../../../Engine/Content/VREditor/TransformGizmo/PlaneTranslationHandle.uexp" 418
"../../../Engine/Content/VREditor/TransformGizmo/Xray.uasset" 419
"../../../Engine/Content/VREditor/TransformGizmo/Xray.uexp" 420
"../../../Engine/Content/VREditor/TransformGizmo/Main.uasset" 421
"../../../Engine/Content/VREditor/TransformGizmo/Main.uexp" 422
"../../../Engine/Content/VREditor/TransformGizmo/SM_Sequencer_Key.uasset" 423
"../../../Engine/Content/VREditor/TransformGizmo/SM_Sequencer_Key.uexp" 424
"../../../Engine/Content/VREditor/TransformGizmo/SM_Sequencer_Node.uasset" 425
"../../../Engine/Content/VREditor/TransformGizmo/SM_Sequencer_Node.uexp" 426
"../../../Engine/Plugins/2D/Paper2D/Content/PlaceholderTextures/DummySpriteTexture.uasset" 427
"../../../Engine/Plugins/2D/Paper2D/Content/PlaceholderTextures/DummySpriteTexture.uexp" 428
"../../../Engine/Plugins/2D/Paper2D/Content/PlaceholderTextures/DummySpriteTexture.ubulk" 429
"../../../Engine/Plugins/2D/Paper2D/Content/DummySprite.uasset" 430
"../../../Engine/Plugins/2D/Paper2D/Content/DummySprite.uexp" 431
"../../../Engine/Plugins/2D/Paper2D/Content/DefaultPaperTerrainMaterial.uasset" 432
"../../../Engine/Plugins/2D/Paper2D/Content/DefaultPaperTerrainMaterial.uexp" 433
"../../../Engine/Plugins/2D/Paper2D/Content/DefaultSpriteMaterial.uasset" 434
"../../../Engine/Plugins/2D/Paper2D/Content/DefaultSpriteMaterial.uexp" 435
"../../../Engine/Plugins/2D/Paper2D/Content/MaskedUnlitSpriteMaterial.uasset" 436
"../../../Engine/Plugins/2D/Paper2D/Content/MaskedUnlitSpriteMaterial.uexp" 437
"../../../Engine/Plugins/2D/Paper2D/Content/OpaqueUnlitSpriteMaterial.uasset" 438
"../../../Engine/Plugins/2D/Paper2D/Content/OpaqueUnlitSpriteMaterial.uexp" 439
"../../../Engine/Content/Functions/Engine_MaterialFunctions02/Utility/VectorLength.uasset" 440
"../../../Engine/Content/Functions/Engine_MaterialFunctions02/Utility/VectorLength.uexp" 441
"../../../Engine/Content/Functions/Engine_MaterialFunctions02/ObjectLocalBounds.uasset" 442
"../../../Engine/Content/Functions/Engine_MaterialFunctions02/ObjectLocalBounds.uexp" 443
"../../../Engine/Content/Functions/Engine_MaterialFunctions02/WorldPositionOffset/ObjectScale.uasset" 444
"../../../Engine/Content/Functions/Engine_MaterialFunctions02/WorldPositionOffset/ObjectScale.uexp" 445
"../../../Engine/Content/Functions/Engine_MaterialFunctions02/Utility/BreakOutFloat3Components.uasset" 446
"../../../Engine/Content/Functions/Engine_MaterialFunctions02/Utility/BreakOutFloat3Components.uexp" 447
"../../../Engine/Plugins/Editor/SpeedTreeImporter/Content/SpeedTree9/UnpackInteger3.uasset" 448
"../../../Engine/Plugins/Editor/SpeedTreeImporter/Content/SpeedTree9/UnpackInteger3.uexp" 449
"../../../Engine/Plugins/Editor/SpeedTreeImporter/Content/SpeedTree9/UnpackDirection.uasset" 450
"../../../Engine/Plugins/Editor/SpeedTreeImporter/Content/SpeedTree9/UnpackDirection.uexp" 451
"../../../Engine/Plugins/Editor/SpeedTreeImporter/Content/SpeedTree9/game_wind_noise.uasset" 452
"../../../Engine/Plugins/Editor/SpeedTreeImporter/Content/SpeedTree9/game_wind_noise.uexp" 453
"../../../Engine/Plugins/Editor/SpeedTreeImporter/Content/SpeedTree9/game_wind_noise.ubulk" 454
"../../../Engine/Content/Functions/Engine_MaterialFunctions02/SafeNormalize.uasset" 455
"../../../Engine/Content/Functions/Engine_MaterialFunctions02/SafeNormalize.uexp" 456
"../../../Engine/Plugins/Editor/SpeedTreeImporter/Content/SpeedTree9/SpeedTreeWindMotion.uasset" 457
"../../../Engine/Plugins/Editor/SpeedTreeImporter/Content/SpeedTree9/SpeedTreeWindMotion.uexp" 458
"../../../Engine/Plugins/Editor/SpeedTreeImporter/Content/SpeedTree9/SpeedTreeBranchMotion.uasset" 459
"../../../Engine/Plugins/Editor/SpeedTreeImporter/Content/SpeedTree9/SpeedTreeBranchMotion.uexp" 460
"../../../Engine/Content/Functions/Engine_MaterialFunctions02/UVs/BoundingBoxBased_0-1_UVW.uasset" 461
"../../../Engine/Content/Functions/Engine_MaterialFunctions02/UVs/BoundingBoxBased_0-1_UVW.uexp" 462
"../../../Engine/Plugins/Editor/SpeedTreeImporter/Content/SpeedTree9/SpeedTreeWind.uasset" 463
"../../../Engine/Plugins/Editor/SpeedTreeImporter/Content/SpeedTree9/SpeedTreeWind.uexp" 464
"../../../Engine/Plugins/Editor/SpeedTreeImporter/Content/SpeedTree9/SpeedTreeBillboard.uasset" 465
"../../../Engine/Plugins/Editor/SpeedTreeImporter/Content/SpeedTree9/SpeedTreeBillboard.uexp" 466
"../../../Engine/Plugins/Editor/SpeedTreeImporter/Content/SpeedTree9/EmptyNormal.uasset" 467
"../../../Engine/Plugins/Editor/SpeedTreeImporter/Content/SpeedTree9/EmptyNormal.uexp" 468
"../../../Engine/Plugins/Editor/SpeedTreeImporter/Content/SpeedTree9/Empty.uasset" 469
"../../../Engine/Plugins/Editor/SpeedTreeImporter/Content/SpeedTree9/Empty.uexp" 470
"../../../Engine/Plugins/Editor/SpeedTreeImporter/Content/SpeedTree9/SpeedTreeBillboardMaster.uasset" 471
"../../../Engine/Plugins/Editor/SpeedTreeImporter/Content/SpeedTree9/SpeedTreeBillboardMaster.uexp" 472
"../../../Engine/Plugins/Editor/SpeedTreeImporter/Content/SpeedTree9/SpeedTreeCameraFacing.uasset" 473
"../../../Engine/Plugins/Editor/SpeedTreeImporter/Content/SpeedTree9/SpeedTreeCameraFacing.uexp" 474
"../../../Engine/Plugins/Editor/SpeedTreeImporter/Content/SpeedTree9/SpeedTreeMaster.uasset" 475
"../../../Engine/Plugins/Editor/SpeedTreeImporter/Content/SpeedTree9/SpeedTreeMaster.uexp" 476
"../../../Engine/Content/BasicShapes/Cylinder.uasset" 477
"../../../Engine/Content/BasicShapes/Cylinder.uexp" 478
"../../../Engine/Content/ArtTools/RenderToTexture/Materials/Debug/M_Emissive_Color.uasset" 479
"../../../Engine/Content/ArtTools/RenderToTexture/Materials/Debug/M_Emissive_Color.uexp" 480
"../../../Engine/Plugins/Lumin/MagicLeapPassableWorld/Content/MagicLeapARPinInfoActor.uasset" 481
"../../../Engine/Plugins/Lumin/MagicLeapPassableWorld/Content/MagicLeapARPinInfoActor.uexp" 482
"../../../Engine/Plugins/Runtime/OpenXR/Content/Devices/GoogleDaydream/MRTexture.uasset" 483
"../../../Engine/Plugins/Runtime/OpenXR/Content/Devices/GoogleDaydream/MRTexture.uexp" 484
"../../../Engine/Plugins/Runtime/OpenXR/Content/Devices/GoogleDaydream/MRTexture.ubulk" 485
"../../../Engine/Plugins/Runtime/OpenXR/Content/Devices/GoogleDaydream/BaseTexture.uasset" 486
"../../../Engine/Plugins/Runtime/OpenXR/Content/Devices/GoogleDaydream/BaseTexture.uexp" 487
"../../../Engine/Plugins/Runtime/OpenXR/Content/Devices/GoogleDaydream/BaseTexture.ubulk" 488
"../../../Engine/Content/EngineResources/Black.uasset" 489
"../../../Engine/Content/EngineResources/Black.uexp" 490
"../../../Engine/Plugins/Runtime/OpenXR/Content/Devices/M_XRController.uasset" 491
"../../../Engine/Plugins/Runtime/OpenXR/Content/Devices/M_XRController.uexp" 492
"../../../Engine/Plugins/Runtime/OpenXR/Content/Devices/GoogleDaydream/MI_GoogleDaydream.uasset" 493
"../../../Engine/Plugins/Runtime/OpenXR/Content/Devices/GoogleDaydream/MI_GoogleDaydream.uexp" 494
"../../../Engine/Plugins/Runtime/OpenXR/Content/Devices/GoogleDaydream/GoogleDaydreamController.uasset" 495
"../../../Engine/Plugins/Runtime/OpenXR/Content/Devices/GoogleDaydream/GoogleDaydreamController.uexp" 496
"../../../Engine/Plugins/Runtime/OpenXR/Content/Devices/HTCVive/BaseTexture.uasset" 497
"../../../Engine/Plugins/Runtime/OpenXR/Content/Devices/HTCVive/BaseTexture.uexp" 498
"../../../Engine/Plugins/Runtime/OpenXR/Content/Devices/HTCVive/BaseTexture.ubulk" 499
"../../../Engine/Plugins/Runtime/OpenXR/Content/Devices/HTCVive/MI_HTCVive.uasset" 500
"../../../Engine/Plugins/Runtime/OpenXR/Content/Devices/HTCVive/MI_HTCVive.uexp" 501
"../../../Engine/Plugins/Runtime/OpenXR/Content/Devices/HTCVive/HTCViveController.uasset" 502
"../../../Engine/Plugins/Runtime/OpenXR/Content/Devices/HTCVive/HTCViveController.uexp" 503
"../../../Engine/Plugins/Runtime/OpenXR/Content/Devices/MicrosoftMixedReality/NormalTexture.uasset" 504
"../../../Engine/Plugins/Runtime/OpenXR/Content/Devices/MicrosoftMixedReality/NormalTexture.uexp" 505
"../../../Engine/Plugins/Runtime/OpenXR/Content/Devices/MicrosoftMixedReality/NormalTexture.ubulk" 506
"../../../Engine/Plugins/Runtime/OpenXR/Content/Devices/MicrosoftMixedReality/MRTexture.uasset" 507
"../../../Engine/Plugins/Runtime/OpenXR/Content/Devices/MicrosoftMixedReality/MRTexture.uexp" 508
"../../../Engine/Plugins/Runtime/OpenXR/Content/Devices/MicrosoftMixedReality/MRTexture.ubulk" 509
"../../../Engine/Plugins/Runtime/OpenXR/Content/Devices/MicrosoftMixedReality/EmissiveTexture.uasset" 510
"../../../Engine/Plugins/Runtime/OpenXR/Content/Devices/MicrosoftMixedReality/EmissiveTexture.uexp" 511
"../../../Engine/Plugins/Runtime/OpenXR/Content/Devices/MicrosoftMixedReality/EmissiveTexture.ubulk" 512
"../../../Engine/Plugins/Runtime/OpenXR/Content/Devices/MicrosoftMixedReality/BaseTexture.uasset" 513
"../../../Engine/Plugins/Runtime/OpenXR/Content/Devices/MicrosoftMixedReality/BaseTexture.uexp" 514
"../../../Engine/Plugins/Runtime/OpenXR/Content/Devices/MicrosoftMixedReality/BaseTexture.ubulk" 515
"../../../Engine/Plugins/Runtime/OpenXR/Content/Devices/MicrosoftMixedReality/MI_MicrosoftMixedReality.uasset" 516
"../../../Engine/Plugins/Runtime/OpenXR/Content/Devices/MicrosoftMixedReality/MI_MicrosoftMixedReality.uexp" 517
"../../../Engine/Plugins/Runtime/OpenXR/Content/Devices/MicrosoftMixedReality/Left/left_MicrosoftMixedRealityController.uasset" 518
"../../../Engine/Plugins/Runtime/OpenXR/Content/Devices/MicrosoftMixedReality/Left/left_MicrosoftMixedRealityController.uexp" 519
"../../../Engine/Plugins/Runtime/OpenXR/Content/Devices/MicrosoftMixedReality/Right/right_MicrosoftMixedRealityController.uasset" 520
"../../../Engine/Plugins/Runtime/OpenXR/Content/Devices/MicrosoftMixedReality/Right/right_MicrosoftMixedRealityController.uexp" 521
"../../../Engine/Plugins/Runtime/OpenXR/Content/Devices/OculusGo/BaseTexture.uasset" 522
"../../../Engine/Plugins/Runtime/OpenXR/Content/Devices/OculusGo/BaseTexture.uexp" 523
"../../../Engine/Plugins/Runtime/OpenXR/Content/Devices/OculusGo/BaseTexture.ubulk" 524
"../../../Engine/Plugins/Runtime/OpenXR/Content/Devices/OculusGo/MI_OculusGo.uasset" 525
"../../../Engine/Plugins/Runtime/OpenXR/Content/Devices/OculusGo/MI_OculusGo.uexp" 526
"../../../Engine/Plugins/Runtime/OpenXR/Content/Devices/OculusGo/OculusGoController.uasset" 527
"../../../Engine/Plugins/Runtime/OpenXR/Content/Devices/OculusGo/OculusGoController.uexp" 528
"../../../Engine/Plugins/Runtime/OpenXR/Content/Devices/OculusTouch/MRTexture.uasset" 529
"../../../Engine/Plugins/Runtime/OpenXR/Content/Devices/OculusTouch/MRTexture.uexp" 530
"../../../Engine/Plugins/Runtime/OpenXR/Content/Devices/OculusTouch/MRTexture.ubulk" 531
"../../../Engine/Plugins/Runtime/OpenXR/Content/Devices/OculusTouch/BaseTexture.uasset" 532
"../../../Engine/Plugins/Runtime/OpenXR/Content/Devices/OculusTouch/BaseTexture.uexp" 533
"../../../Engine/Plugins/Runtime/OpenXR/Content/Devices/OculusTouch/BaseTexture.ubulk" 534
"../../../Engine/Plugins/Runtime/OpenXR/Content/Devices/OculusTouch/MI_OculusTouch.uasset" 535
"../../../Engine/Plugins/Runtime/OpenXR/Content/Devices/OculusTouch/MI_OculusTouch.uexp" 536
"../../../Engine/Plugins/Runtime/OpenXR/Content/Devices/OculusTouch/Left/left_OculusTouchController.uasset" 537
"../../../Engine/Plugins/Runtime/OpenXR/Content/Devices/OculusTouch/Left/left_OculusTouchController.uexp" 538
"../../../Engine/Plugins/Runtime/OpenXR/Content/Devices/OculusTouch/Right/right_OculusTouchController.uasset" 539
"../../../Engine/Plugins/Runtime/OpenXR/Content/Devices/OculusTouch/Right/right_OculusTouchController.uexp" 540
"../../../Engine/Plugins/Runtime/OpenXR/Content/Devices/OculusTouch_v2/MRTexture.uasset" 541
"../../../Engine/Plugins/Runtime/OpenXR/Content/Devices/OculusTouch_v2/MRTexture.uexp" 542
"../../../Engine/Plugins/Runtime/OpenXR/Content/Devices/OculusTouch_v2/MRTexture.ubulk" 543
"../../../Engine/Plugins/Runtime/OpenXR/Content/Devices/OculusTouch_v2/BaseTexture.uasset" 544
"../../../Engine/Plugins/Runtime/OpenXR/Content/Devices/OculusTouch_v2/BaseTexture.uexp" 545
"../../../Engine/Plugins/Runtime/OpenXR/Content/Devices/OculusTouch_v2/BaseTexture.ubulk" 546
"../../../Engine/Plugins/Runtime/OpenXR/Content/Devices/OculusTouch_v2/MI_OculusTouch_v2.uasset" 547
"../../../Engine/Plugins/Runtime/OpenXR/Content/Devices/OculusTouch_v2/MI_OculusTouch_v2.uexp" 548
"../../../Engine/Plugins/Runtime/OpenXR/Content/Devices/OculusTouch_v2/Left/left_OculusTouch_v2Controller.uasset" 549
"../../../Engine/Plugins/Runtime/OpenXR/Content/Devices/OculusTouch_v2/Left/left_OculusTouch_v2Controller.uexp" 550
"../../../Engine/Plugins/Runtime/OpenXR/Content/Devices/OculusTouch_v2/Right/right_OculusTouch_v2Controller.uasset" 551
"../../../Engine/Plugins/Runtime/OpenXR/Content/Devices/OculusTouch_v2/Right/right_OculusTouch_v2Controller.uexp" 552
"../../../Engine/Plugins/Runtime/OpenXR/Content/Devices/OculusTouch_v3/MRTexture.uasset" 553
"../../../Engine/Plugins/Runtime/OpenXR/Content/Devices/OculusTouch_v3/MRTexture.uexp" 554
"../../../Engine/Plugins/Runtime/OpenXR/Content/Devices/OculusTouch_v3/MRTexture.ubulk" 555
"../../../Engine/Plugins/Runtime/OpenXR/Content/Devices/OculusTouch_v3/BaseTexture.uasset" 556
"../../../Engine/Plugins/Runtime/OpenXR/Content/Devices/OculusTouch_v3/BaseTexture.uexp" 557
"../../../Engine/Plugins/Runtime/OpenXR/Content/Devices/OculusTouch_v3/BaseTexture.ubulk" 558
"../../../Engine/Plugins/Runtime/OpenXR/Content/Devices/OculusTouch_v3/MI_OculusTouch_v3.uasset" 559
"../../../Engine/Plugins/Runtime/OpenXR/Content/Devices/OculusTouch_v3/MI_OculusTouch_v3.uexp" 560
"../../../Engine/Plugins/Runtime/OpenXR/Content/Devices/OculusTouch_v3/Left/left_OculusTouch_v3Controller.uasset" 561
"../../../Engine/Plugins/Runtime/OpenXR/Content/Devices/OculusTouch_v3/Left/left_OculusTouch_v3Controller.uexp" 562
"../../../Engine/Plugins/Runtime/OpenXR/Content/Devices/OculusTouch_v3/Right/right_OculusTouch_v3Controller.uasset" 563
"../../../Engine/Plugins/Runtime/OpenXR/Content/Devices/OculusTouch_v3/Right/right_OculusTouch_v3Controller.uexp" 564
"../../../Engine/Plugins/Runtime/OpenXR/Content/Devices/ValveIndex/MRTexture.uasset" 565
"../../../Engine/Plugins/Runtime/OpenXR/Content/Devices/ValveIndex/MRTexture.uexp" 566
"../../../Engine/Plugins/Runtime/OpenXR/Content/Devices/ValveIndex/MRTexture.ubulk" 567
"../../../Engine/Plugins/Runtime/OpenXR/Content/Devices/ValveIndex/BaseTexture.uasset" 568
"../../../Engine/Plugins/Runtime/OpenXR/Content/Devices/ValveIndex/BaseTexture.uexp" 569
"../../../Engine/Plugins/Runtime/OpenXR/Content/Devices/ValveIndex/BaseTexture.ubulk" 570
"../../../Engine/Plugins/Runtime/OpenXR/Content/Devices/ValveIndex/Left/MI_left_ValveIndex.uasset" 571
"../../../Engine/Plugins/Runtime/OpenXR/Content/Devices/ValveIndex/Left/MI_left_ValveIndex.uexp" 572
"../../../Engine/Plugins/Runtime/OpenXR/Content/Devices/ValveIndex/Left/left_ValveIndexController.uasset" 573
"../../../Engine/Plugins/Runtime/OpenXR/Content/Devices/ValveIndex/Left/left_ValveIndexController.uexp" 574
"../../../Engine/Plugins/Runtime/OpenXR/Content/Devices/ValveIndex/Right/MI_right_ValveIndex.uasset" 575
"../../../Engine/Plugins/Runtime/OpenXR/Content/Devices/ValveIndex/Right/MI_right_ValveIndex.uexp" 576
"../../../Engine/Plugins/Runtime/OpenXR/Content/Devices/ValveIndex/Right/right_ValveIndexController.uasset" 577
"../../../Engine/Plugins/Runtime/OpenXR/Content/Devices/ValveIndex/Right/right_ValveIndexController.uexp" 578
"../../../Engine/Content/Functions/Engine_MaterialFunctions02/Utility/BreakOutFloat4Components.uasset" 579
"../../../Engine/Content/Functions/Engine_MaterialFunctions02/Utility/BreakOutFloat4Components.uexp" 580
"../../../Engine/Content/Functions/Engine_MaterialFunctions02/Utility/MakeFloat3.uasset" 581
"../../../Engine/Content/Functions/Engine_MaterialFunctions02/Utility/MakeFloat3.uexp" 582
"../../../Engine/Plugins/Runtime/Oculus/OculusVR/Content/Materials/OculusMR_ChromaKey.uasset" 583
"../../../Engine/Plugins/Runtime/Oculus/OculusVR/Content/Materials/OculusMR_ChromaKey.uexp" 584
"../../../Engine/Plugins/Runtime/Oculus/OculusVR/Content/Materials/OculusMR_OpaqueColoredMaterial.uasset" 585
"../../../Engine/Plugins/Runtime/Oculus/OculusVR/Content/Materials/OculusMR_OpaqueColoredMaterial.uexp" 586
"../../../Engine/Plugins/Runtime/Oculus/OculusVR/Content/Materials/PokeAHoleMaterial.uasset" 587
"../../../Engine/Plugins/Runtime/Oculus/OculusVR/Content/Materials/PokeAHoleMaterial.uexp" 588
"../../../Engine/Plugins/Runtime/Oculus/OculusVR/Content/Textures/touchController_controlmap.uasset" 589
"../../../Engine/Plugins/Runtime/Oculus/OculusVR/Content/Textures/touchController_controlmap.uexp" 590
"../../../Engine/Plugins/Runtime/Oculus/OculusVR/Content/Textures/touchController_controlmap.ubulk" 591
"../../../Engine/Plugins/Runtime/Oculus/OculusVR/Content/Textures/touchController_albedo.uasset" 592
"../../../Engine/Plugins/Runtime/Oculus/OculusVR/Content/Textures/touchController_albedo.uexp" 593
"../../../Engine/Plugins/Runtime/Oculus/OculusVR/Content/Textures/touchController_albedo.ubulk" 594
"../../../Engine/Plugins/Runtime/Oculus/OculusVR/Content/Materials/touchController_mat.uasset" 595
"../../../Engine/Plugins/Runtime/Oculus/OculusVR/Content/Materials/touchController_mat.uexp" 596
"../../../Engine/Plugins/Runtime/Oculus/OculusVR/Content/Meshes/LeftTouchController.uasset" 597
"../../../Engine/Plugins/Runtime/Oculus/OculusVR/Content/Meshes/LeftTouchController.uexp" 598
"../../../Engine/Plugins/Runtime/Oculus/OculusVR/Content/Textures/TouchForQuestRiftSController_albedo.uasset" 599
"../../../Engine/Plugins/Runtime/Oculus/OculusVR/Content/Textures/TouchForQuestRiftSController_albedo.uexp" 600
"../../../Engine/Plugins/Runtime/Oculus/OculusVR/Content/Textures/TouchForQuestRiftSController_albedo.ubulk" 601
"../../../Engine/Plugins/Runtime/Oculus/OculusVR/Content/Materials/TouchForQuestRiftSControllerMaterial.uasset" 602
"../../../Engine/Plugins/Runtime/Oculus/OculusVR/Content/Materials/TouchForQuestRiftSControllerMaterial.uexp" 603
"../../../Engine/Plugins/Runtime/Oculus/OculusVR/Content/Meshes/LeftTouchForQuestRiftSController.uasset" 604
"../../../Engine/Plugins/Runtime/Oculus/OculusVR/Content/Meshes/LeftTouchForQuestRiftSController.uexp" 605
"../../../Engine/Plugins/Runtime/Oculus/OculusVR/Content/Meshes/RiftHMD.uasset" 606
"../../../Engine/Plugins/Runtime/Oculus/OculusVR/Content/Meshes/RiftHMD.uexp" 607
"../../../Engine/Plugins/Runtime/Oculus/OculusVR/Content/Meshes/RightTouchController.uasset" 608
"../../../Engine/Plugins/Runtime/Oculus/OculusVR/Content/Meshes/RightTouchController.uexp" 609
"../../../Engine/Plugins/Runtime/Oculus/OculusVR/Content/Meshes/RightTouchForQuestRiftSController.uasset" 610
"../../../Engine/Plugins/Runtime/Oculus/OculusVR/Content/Meshes/RightTouchForQuestRiftSController.uexp" 611
"../../../Engine/Content/Maps/Entry_BuiltData.uasset" 612
"../../../Engine/Content/Maps/Entry_BuiltData.uexp" 613
"../../../Engine/Content/Maps/Entry.uexp" 614
"../../../Engine/Content/Maps/Entry.umap" 615
